<?xml version="1.0" encoding="UTF-8"?>
<!-- Generated by org.testng.reporters.JUnitXMLReporter -->
<testsuite ignored="0" hostname="Vikas-Prabhakaran" failures="0" tests="7" name="Default test" time="59.288" errors="0" timestamp="2025-02-25T18:33:57 IST">
  <testcase classname="dailyGrub.testCases.addRecipeTestCases" name="doLogin" time="8.224"/>
  <testcase classname="dailyGrub.testCases.addRecipeTestCases" name="redirectToAddRecipe" time="2.579"/>
  <testcase classname="dailyGrub.testCases.addRecipeTestCases" name="AddRecipe" time="2.512"/>
  <testcase classname="dailyGrub.testCases.addRecipeTestCases" name="selectIngredients" time="11.065"/>
  <testcase classname="dailyGrub.testCases.addRecipeTestCases" name="selectToppings" time="8.961"/>
  <testcase classname="dailyGrub.testCases.addRecipeTestCases" name="uploadRecipeImage" time="4.332"/>
  <testcase classname="dailyGrub.testCases.addRecipeTestCases" name="enterOtherDetails" time="6.668"/>
</testsuite> <!-- Default test -->
