<?xml version="1.0" encoding="UTF-8"?>
<testng-results ignored="0" total="7" passed="7" failed="0" skipped="0">
  <reporter-output>
  </reporter-output>
  <suite started-at="2025-02-25T18:32:57 IST" name="Default suite" finished-at="2025-02-25T18:33:57 IST" duration-ms="59288">
    <groups>
    </groups>
    <test started-at="2025-02-25T18:32:57 IST" name="Default test" finished-at="2025-02-25T18:33:57 IST" duration-ms="59288">
      <class name="dailyGrub.testCases.addRecipeTestCases">
        <test-method is-config="true" signature="loadConfig()[pri:0, instance:dailyGrub.testCases.addRecipeTestCases@c0c2f8d]" started-at="2025-02-25T18:32:57 IST" name="loadConfig" finished-at="2025-02-25T18:32:57 IST" duration-ms="50" status="PASS">
          <reporter-output>
          </reporter-output>
        </test-method> <!-- loadConfig -->
        <test-method is-config="true" signature="launchBrowser()[pri:0, instance:dailyGrub.testCases.addRecipeTestCases@c0c2f8d]" started-at="2025-02-25T18:32:57 IST" name="launchBrowser" finished-at="2025-02-25T18:33:12 IST" duration-ms="14560" status="PASS">
          <reporter-output>
          </reporter-output>
        </test-method> <!-- launchBrowser -->
        <test-method signature="doLogin()[pri:1, instance:dailyGrub.testCases.addRecipeTestCases@c0c2f8d]" started-at="2025-02-25T18:33:12 IST" name="doLogin" finished-at="2025-02-25T18:33:20 IST" duration-ms="8224" status="PASS">
          <reporter-output>
          </reporter-output>
        </test-method> <!-- doLogin -->
        <test-method signature="redirectToAddRecipe()[pri:2, instance:dailyGrub.testCases.addRecipeTestCases@c0c2f8d]" started-at="2025-02-25T18:33:20 IST" name="redirectToAddRecipe" finished-at="2025-02-25T18:33:23 IST" duration-ms="2579" status="PASS">
          <reporter-output>
          </reporter-output>
        </test-method> <!-- redirectToAddRecipe -->
        <test-method signature="AddRecipe()[pri:3, instance:dailyGrub.testCases.addRecipeTestCases@c0c2f8d]" started-at="2025-02-25T18:33:23 IST" name="AddRecipe" finished-at="2025-02-25T18:33:25 IST" duration-ms="2512" status="PASS">
          <reporter-output>
          </reporter-output>
        </test-method> <!-- AddRecipe -->
        <test-method signature="selectIngredients()[pri:4, instance:dailyGrub.testCases.addRecipeTestCases@c0c2f8d]" started-at="2025-02-25T18:33:25 IST" name="selectIngredients" finished-at="2025-02-25T18:33:36 IST" duration-ms="11065" status="PASS">
          <reporter-output>
          </reporter-output>
        </test-method> <!-- selectIngredients -->
        <test-method signature="selectToppings()[pri:5, instance:dailyGrub.testCases.addRecipeTestCases@c0c2f8d]" started-at="2025-02-25T18:33:36 IST" name="selectToppings" finished-at="2025-02-25T18:33:45 IST" duration-ms="8961" status="PASS">
          <reporter-output>
          </reporter-output>
        </test-method> <!-- selectToppings -->
        <test-method signature="uploadRecipeImage()[pri:5, instance:dailyGrub.testCases.addRecipeTestCases@c0c2f8d]" started-at="2025-02-25T18:33:45 IST" name="uploadRecipeImage" finished-at="2025-02-25T18:33:50 IST" duration-ms="4332" status="PASS">
          <reporter-output>
          </reporter-output>
        </test-method> <!-- uploadRecipeImage -->
        <test-method signature="enterOtherDetails()[pri:6, instance:dailyGrub.testCases.addRecipeTestCases@c0c2f8d]" started-at="2025-02-25T18:33:50 IST" name="enterOtherDetails" finished-at="2025-02-25T18:33:56 IST" duration-ms="6668" status="PASS">
          <reporter-output>
          </reporter-output>
        </test-method> <!-- enterOtherDetails -->
        <test-method is-config="true" signature="closeBrowser()[pri:0, instance:dailyGrub.testCases.addRecipeTestCases@c0c2f8d]" started-at="2025-02-25T18:33:56 IST" name="closeBrowser" finished-at="2025-02-25T18:33:57 IST" duration-ms="279" status="PASS">
          <reporter-output>
          </reporter-output>
        </test-method> <!-- closeBrowser -->
      </class> <!-- dailyGrub.testCases.addRecipeTestCases -->
    </test> <!-- Default test -->
  </suite> <!-- Default suite -->
</testng-results>
